2023-08-10 13:58:23.848  INFO 2692 --- [restartedMain] com.kh.springhome.SprinhomeApplication   : Starting SprinhomeApplication using Java 17.0.7 on LAPTOP-TF2KHDIM with PID 2692 (C:\Users\82108\Desktop\Java\study\github\kh12file\sprinhome\target\classes started by 82108 in C:\Users\82108\Desktop\Java\study\github\kh12file\sprinhome)
2023-08-10 13:58:23.848 DEBUG 2692 --- [restartedMain] com.kh.springhome.SprinhomeApplication   : Running with Spring Boot v2.7.14, Spring v5.3.29
2023-08-10 13:58:23.848  INFO 2692 --- [restartedMain] com.kh.springhome.SprinhomeApplication   : No active profile set, falling back to 1 default profile: "default"
2023-08-10 13:58:24.314  INFO 2692 --- [restartedMain] com.kh.springhome.SprinhomeApplication   : Started SprinhomeApplication in 0.498 seconds (JVM running for 10882.622)
2023-08-10 13:58:40.190  INFO 18152 --- [main] com.kh.springhome.LoggingTest3           : Starting LoggingTest3 using Java 17.0.7 on LAPTOP-TF2KHDIM with PID 18152 (started by 82108 in C:\Users\82108\Desktop\Java\study\github\kh12file\sprinhome)
2023-08-10 13:58:40.191 DEBUG 18152 --- [main] com.kh.springhome.LoggingTest3           : Running with Spring Boot v2.7.14, Spring v5.3.29
2023-08-10 13:58:40.191  INFO 18152 --- [main] com.kh.springhome.LoggingTest3           : No active profile set, falling back to 1 default profile: "default"
2023-08-10 13:58:43.026  INFO 18152 --- [main] com.kh.springhome.LoggingTest3           : Started LoggingTest3 in 3.171 seconds (JVM running for 4.112)
2023-08-10 13:58:43.570  INFO 18152 --- [main] com.kh.springhome.LoggingTest3           : Hello!
2023-08-10 13:58:43.570  INFO 18152 --- [main] com.kh.springhome.LoggingTest3           : a = 10
2023-08-10 13:58:43.570  INFO 18152 --- [main] com.kh.springhome.LoggingTest3           : a = 10
2023-08-10 13:58:43.572  INFO 18152 --- [main] com.kh.springhome.LoggingTest3           : 20 + 30 = 50
2023-08-10 14:00:43.506 [INFO ] Starting SprinhomeApplication using Java 17.0.7 on LAPTOP-TF2KHDIM with PID 2692 (C:\Users\82108\Desktop\Java\study\github\kh12file\sprinhome\target\classes started by 82108 in C:\Users\82108\Desktop\Java\study\github\kh12file\sprinhome) - com.kh.springhome.SprinhomeApplication 
2023-08-10 14:00:43.507 [DEBUG] Running with Spring Boot v2.7.14, Spring v5.3.29 - com.kh.springhome.SprinhomeApplication 
2023-08-10 14:00:43.507 [INFO ] No active profile set, falling back to 1 default profile: "default" - com.kh.springhome.SprinhomeApplication 
2023-08-10 14:00:43.947 [INFO ] Started SprinhomeApplication in 0.457 seconds (JVM running for 11022.254) - com.kh.springhome.SprinhomeApplication 
2023-08-10 14:01:32.615 [INFO ] Starting LoggingTest3 using Java 17.0.7 on LAPTOP-TF2KHDIM with PID 11120 (started by 82108 in C:\Users\82108\Desktop\Java\study\github\kh12file\sprinhome) - com.kh.springhome.LoggingTest3 
2023-08-10 14:01:32.616 [DEBUG] Running with Spring Boot v2.7.14, Spring v5.3.29 - com.kh.springhome.LoggingTest3 
2023-08-10 14:01:32.617 [INFO ] No active profile set, falling back to 1 default profile: "default" - com.kh.springhome.LoggingTest3 
2023-08-10 14:01:35.434 [INFO ] Started LoggingTest3 in 3.129 seconds (JVM running for 4.022) - com.kh.springhome.LoggingTest3 
2023-08-10 14:01:35.879 [INFO ] Hello! - com.kh.springhome.LoggingTest3 
2023-08-10 14:01:35.879 [INFO ] a = 10 - com.kh.springhome.LoggingTest3 
2023-08-10 14:01:35.879 [INFO ] a = 10 - com.kh.springhome.LoggingTest3 
2023-08-10 14:01:35.881 [INFO ] 20 + 30 = 50 - com.kh.springhome.LoggingTest3 
